This is pdfTeX, Version 3.141592653-2.6-1.40.24 (TeX Live 2022) (preloaded format=latex 2022.9.26)  14 NOV 2022 18:51
entering extended mode
 restricted \write18 enabled.
 %&-line parsing enabled.
**makebst
(/usr/local/texlive/2022/texmf-dist/tex/latex/custom-bib/makebst.tex
LaTeX2e <2021-11-15> patch level 1
L3 programming layer <2022-02-24>
\outfile=\write3
\ttyin=\read2
\infile=\read3
\ttyout=\write4
\hours=\count185
\minutes=\count186

***********************************
* This is Make Bibliography Style *
***********************************
It makes up a docstrip batch job to produce
a customized .bst file for running with BibTeX
Do you want a description of the usage? (NO)

\yn=

Enter the name of the MASTER file (default=merlin.mbs)

\mfile=reference_Taylor
*** Cannot find file `reference_Taylor.mbs'

Enter the name of the MASTER file (default=merlin.mbs)

\mfile=finalpaper.tex

Name of the final OUTPUT .bst file? (default extension=bst)

\ofile=reference_Taylor.bib

Give a comment line to include in the style file.
Something like for which journals it is applicable.

\ans=statistcal research
\openout3 = `reference_Taylor.dbj'.

Do you want verbose comments? (NO)

\yn=n
(./finalpaper.tex
(/usr/local/texlive/2022/texmf-dist/tex/latex/base/article.cls
Document Class: article 2021/10/04 v1.4n Standard LaTeX document class
(/usr/local/texlive/2022/texmf-dist/tex/latex/base/size12.clo)
\c@part=\count187
\c@section=\count188
\c@subsection=\count189
\c@subsubsection=\count190
\c@paragraph=\count191
\c@subparagraph=\count192
\c@figure=\count193
\c@table=\count194
\abovecaptionskip=\skip47
\belowcaptionskip=\skip48
\bibindent=\dimen138
)
(/usr/local/texlive/2022/texmf-dist/tex/latex/amsmath/amsmath.sty
Package: amsmath 2021/10/15 v2.17l AMS math features
\@mathmargin=\skip49

For additional information on amsmath, use the `?' option.
(/usr/local/texlive/2022/texmf-dist/tex/latex/amsmath/amstext.sty
Package: amstext 2021/08/26 v2.01 AMS text

(/usr/local/texlive/2022/texmf-dist/tex/latex/amsmath/amsgen.sty)
Runaway argument?
{amsgen.sty}[1999/11/30 v2.0 generic functions] \providecommand {\@saveprimitiv
e \ETC.
! File ended while scanning use of \ProvidesFile.
<inserted text> 
                \par 
l.28 \DeclareRobustCommand
                          {\text}{%
? 
! Undefined control sequence.
l.57 \@xp
         \let\csname m@gobble4\endcsname\@gobblefour
? 

! LaTeX Error: Missing \begin{document}.

See the LaTeX manual or LaTeX Companion for explanation.
Type  H <return>  for immediate help.
 ...                                              
                                                  
l.57 \@xp\let\csname m@
                       gobble4\endcsname\@gobblefour
? 
! Extra \endcsname.
l.57 \@xp\let\csname m@gobble4\endcsname
                                        \@gobblefour
? 
! Extra \endcsname.
l.58 \long\@xp\def\csname m@gobble6\endcsname
                                             #1#2#3#4#5#6{}
? 
! You can't use `macro parameter character #' in horizontal mode.
l.58 \long\@xp\def\csname m@gobble6\endcsname#
                                              1#2#3#4#5#6{}
? 
! You can't use `macro parameter character #' in horizontal mode.
l.58 \long\@xp\def\csname m@gobble6\endcsname#1#
                                                2#3#4#5#6{}
? 
! You can't use `macro parameter character #' in horizontal mode.
l.58 \long\@xp\def\csname m@gobble6\endcsname#1#2#
                                                  3#4#5#6{}
? 
! You can't use `macro parameter character #' in horizontal mode.
l.58 ...\@xp\def\csname m@gobble6\endcsname#1#2#3#
                                                  4#5#6{}
? 
! You can't use `macro parameter character #' in horizontal mode.
l.58 ...xp\def\csname m@gobble6\endcsname#1#2#3#4#
                                                  5#6{}
? 
! You can't use `macro parameter character #' in horizontal mode.
l.58 ...\def\csname m@gobble6\endcsname#1#2#3#4#5#
                                                  6{}
? 
! Undefined control sequence.
l.63   \@xp
           \@nx\csname GenericInfo \endcsname}
? 
! Undefined control sequence.
l.63   \@xp\@nx
               \csname GenericInfo \endcsname}
? 
! Undefined control sequence.
l.65   \@xp
           \@nx\csname GenericWarning \endcsname}
? 
! Undefined control sequence.
l.65   \@xp\@nx
               \csname GenericWarning \endcsname}
? 
! Undefined control sequence.
l.70   \@xp
           \@nx\csname GenericError \endcsname}
? 
! Undefined control sequence.
l.70   \@xp\@nx
               \csname GenericError \endcsname}
? 
)
! Extra \endcsname.
\reserved@a ...s-\@currname .\@currext \endcsname 
                                                  \@@unprocessedoptions \csn...
l.127 \RequirePackage{amstext}[1995/01/25]
                                          
? 
! Extra \endcsname.
\GenericError ...rstchoice@ \else 6\fi \endcsname 
                                                  \protect \csname GenericEr...
l.127 \RequirePackage{amstext}[1995/01/25]
                                          
? 
! Extra \endcsname.
\GenericError ... \csname GenericError \endcsname 
                                                  
l.127 \RequirePackage{amstext}[1995/01/25]
                                          
? 
! Extra \endcsname.
\CurrentOption ...sname opt@amstext.sty\endcsname 
                                                  
l.127 \RequirePackage{amstext}[1995/01/25]
                                          
? 
! Extra \endcsname.
\CurrentOption ...sname opt@amstext.sty\endcsname 
                                                  
l.127 \RequirePackage{amstext}[1995/01/25]
                                          
? 
! Extra \endcsname.
\reserved@a ...urrname .\@currext -h@@k\endcsname 
                                                  \expandafter \let \csname ...
l.127 \RequirePackage{amstext}[1995/01/25]
                                          
? 
! Extra \endcsname.
\reserved@a ...urrname .\@currext -h@@k\endcsname 
                                                  \@undefined \ifx \@unproce...
l.127 \RequirePackage{amstext}[1995/01/25]
                                          
? 
! Undefined control sequence.
\reserved@a ...urrext -h@@k\endcsname \@undefined 
                                                  \ifx \@unprocessedoptions ...
l.127 \RequirePackage{amstext}[1995/01/25]
                                          
? 
! Extra \endcsname.
\reserved@a ...s-\@currname .\@currext \endcsname 
                                                  \fi \expandafter \let \csn...
l.127 \RequirePackage{amstext}[1995/01/25]
                                          
? 
! Missing control sequence inserted.
<inserted text> 
                \inaccessible 
l.127 \RequirePackage{amstext}[1995/01/25]
                                          
? 
! Extra \endcsname.
\reserved@a ...s-\@currname .\@currext \endcsname 
                                                  \@undefined \ifx \@currext...
l.127 \RequirePackage{amstext}[1995/01/25]
                                          
? 
! Undefined control sequence.
\reserved@a ... .\@currext \endcsname \@undefined 
                                                  \ifx \@currext \@pkgextens...
l.127 \RequirePackage{amstext}[1995/01/25]
                                          
? 
! Extra \endcsname.
\@ifl@ter ...@ifl@t@r \csname ver@#2.#1\endcsname 
                                                  
l.127 \RequirePackage{amstext}[1995/01/25]
                                          
? 
! Extra \endcsname.
\GenericWarning ...tchoice@ \else 4\fi \endcsname 
                                                  \protect \csname GenericWa...
l.127 \RequirePackage{amstext}[1995/01/25]
                                          
? 
! Extra \endcsname.
\GenericWarning ...name GenericWarning \endcsname 
                                                  
l.127 \RequirePackage{amstext}[1995/01/25]
                                          
? 
! Extra \endcsname.
<argument> ...er@\@currname .\@currext \endcsname 
                                                  '\MessageBreak is availabl...
l.127 \RequirePackage{amstext}[1995/01/25]
                                          
? 
! Argument of \@gobble has an extra }.
<inserted text> 
                \par 
l.127 \RequirePackage{amstext}[1995/01/25]
                                          
? 
Runaway argument?
! Paragraph ended before \@gobble was complete.
<to be read again> 
                   \par 
l.127 \RequirePackage{amstext}[1995/01/25]
                                          
? 

Overfull \hbox (75.34102pt too wide) in paragraph at lines 57--127
[]\OT1/cmr/m/n/12 @gobble4m@gobble6123456       nprocessedoptions-amstext.styum
@gobbleuGenericError
 []


Overfull \hbox (54.32614pt too wide) in paragraph at lines 57--127
\OT1/cmr/m/n/12 the La-TeX man-ual or La-TeX Com-pan-ion for ex-pla-na-tion.The
 op-tion `uopt@amstext.sty'
 []


Overfull \hbox (47.48712pt too wide) in paragraph at lines 57--127
\OT1/cmr/m/n/12 typ-ing  <re-turn>  to proceed.uamstext.sty-h@@k.sty-h@@kamstex
tunprocessedoptions-
 []


Overfull \hbox (246.72395pt too wide) in paragraph at lines 57--127
\OT1/cmr/m/n/12 amstext.stymstextunprocessedoptions-amstext.stysextver@amstext.
sty1995/01/25amstextm@gobbleamstextGenericWarning
 []

! Extra \endcsname.
\GenericError ...rstchoice@ \else 6\fi \endcsname 
                                                  \protect \csname GenericEr...
l.128 \RequirePackage{amsbsy}[1995/01/20]
                                         
? 
! Extra \endcsname.
\GenericError ... \csname GenericError \endcsname 
                                                  
l.128 \RequirePackage{amsbsy}[1995/01/20]
                                         
? 
! Extra \endcsname.
\reserved@a ...ocument}\csname document\endcsname 
                                                  
l.128 \RequirePackage{amsbsy}[1995/01/20]
                                         
? 
! Extra }, or forgotten \endgroup.
\@latex@error ...paces \@spaces }{LaTeX Error: #1}
                                                  {See the LaTeX manual or L...
l.128 \RequirePackage{amsbsy}[1995/01/20]
                                         
? 
! Extra \endcsname.
\@ifl@ter ...@ifl@t@r \csname ver@#2.#1\endcsname 
                                                  
l.128 \RequirePackage{amsbsy}[1995/01/20]
                                         
? 
! Extra \endcsname.
\GenericWarning ...tchoice@ \else 4\fi \endcsname 
                                                  \protect \csname GenericWa...
l.128 \RequirePackage{amsbsy}[1995/01/20]
                                         
? 
! Extra \endcsname.
\GenericWarning ...name GenericWarning \endcsname 
                                                  
l.128 \RequirePackage{amsbsy}[1995/01/20]
                                         
? 
! Extra \endcsname.
<argument> ...er@\@currname .\@currext \endcsname 
                                                  '\MessageBreak is availabl...
l.128 \RequirePackage{amsbsy}[1995/01/20]
                                         
? 
! Argument of \@gobble has an extra }.
<inserted text> 
                \par 
l.128 \RequirePackage{amsbsy}[1995/01/20]
                                         
? 
Runaway argument?
! Paragraph ended before \@gobble was complete.
<to be read again> 
                   \par 
l.128 \RequirePackage{amsbsy}[1995/01/20]
                                         
? 

Overfull \hbox (139.14183pt too wide) in paragraph at lines 128--128
\OT1/cmr/m/n/12 work, type  X <re-turn>  to quit.sextver@amsbsy.sty1995/01/20am
stextm@gobbleamstextGenericWarning
 []

! Extra \endcsname.
\GenericError ...rstchoice@ \else 6\fi \endcsname 
                                                  \protect \csname GenericEr...
l.129 \RequirePackage{amsopn}[1995/01/20]
                                         
? 
! Extra \endcsname.
\GenericError ... \csname GenericError \endcsname 
                                                  
l.129 \RequirePackage{amsopn}[1995/01/20]
                                         
? 
! Extra \endcsname.
\reserved@a ...ocument}\csname document\endcsname 
                                                  
l.129 \RequirePackage{amsopn}[1995/01/20]
                                         
? 
! Extra }, or forgotten \endgroup.
\@latex@error ...paces \@spaces }{LaTeX Error: #1}
                                                  {See the LaTeX manual or L...
l.129 \RequirePackage{amsopn}[1995/01/20]
                                         
? 
! Extra \endcsname.
\@ifl@ter ...@ifl@t@r \csname ver@#2.#1\endcsname 
                                                  
l.129 \RequirePackage{amsopn}[1995/01/20]
                                         
? 
! Extra \endcsname.
\GenericWarning ...tchoice@ \else 4\fi \endcsname 
                                                  \protect \csname GenericWa...
l.129 \RequirePackage{amsopn}[1995/01/20]
                                         
? 
! Extra \endcsname.
\GenericWarning ...name GenericWarning \endcsname 
                                                  
l.129 \RequirePackage{amsopn}[1995/01/20]
                                         
? 
! Extra \endcsname.
<argument> ...er@\@currname .\@currext \endcsname 
                                                  '\MessageBreak is availabl...
l.129 \RequirePackage{amsopn}[1995/01/20]
                                         
? 
! Argument of \@gobble has an extra }.
<inserted text> 
                \par 
l.129 \RequirePackage{amsopn}[1995/01/20]
                                         
? 
Runaway argument?
! Paragraph ended before \@gobble was complete.
<to be read again> 
                   \par 
l.129 \RequirePackage{amsopn}[1995/01/20]
                                         
? 

Overfull \hbox (141.68764pt too wide) in paragraph at lines 129--129
\OT1/cmr/m/n/12 work, type  X <re-turn>  to quit.sextver@amsopn.sty1995/01/20am
stextm@gobbleamstextGenericWarning
 []

\inf@bad=\count195
! Missing control sequence inserted.
<inserted text> 
                \inaccessible 
l.166 \DeclareRobustCommand\tmspace
                                   [3]{%
? 
! Extra \endcsname.
\GenericError ...rstchoice@ \else 6\fi \endcsname 
                                                  \protect \csname GenericEr...
l.166 \DeclareRobustCommand\tmspace
                                   [3]{%
? 
! Extra \endcsname.
\GenericError ... \csname GenericError \endcsname 
                                                  
l.166 \DeclareRobustCommand\tmspace
                                   [3]{%
? 
! Extra \endcsname.
\reserved@a ...ocument}\csname document\endcsname 
                                                  
l.166 \DeclareRobustCommand\tmspace
                                   [3]{%
? 
! Extra }, or forgotten \endgroup.
\@latex@error ...paces \@spaces }{LaTeX Error: #1}
                                                  {See the LaTeX manual or L...
l.166 \DeclareRobustCommand\tmspace
                                   [3]{%
? 
! Extra \endcsname.
\declare@robustcommand ...e \string #1 \endcsname 
                                                  
l.166 \DeclareRobustCommand\tmspace
                                   [3]{%
? 
! Missing number, treated as zero.
<to be read again> 
                   ##
l.167 ...e\mskip#1#2\else\leavevmode@ifvmode\kern#
                                                  1#3\fi\relax}
? 
! Illegal unit of measure (pt inserted).
<to be read again> 
                   ##
l.167 ...e\mskip#1#2\else\leavevmode@ifvmode\kern#
                                                  1#3\fi\relax}
? 
! You can't use `macro parameter character #' in horizontal mode.
<recently read> ##
                  
l.167 ...e\mskip#1#2\else\leavevmode@ifvmode\kern#
                                                  1#3\fi\relax}
? 
! You can't use `macro parameter character #' in horizontal mode.
l.167 ...mskip#1#2\else\leavevmode@ifvmode\kern#1#
                                                  3\fi\relax}
? 
! Missing control sequence inserted.
<inserted text> 
                \inaccessible 
l.169 \DeclareRobustCommand\,
                             {\tmspace+\thinmuskip{.1667em}}
? 
! Extra \endcsname.
\declare@robustcommand ...e \string #1 \endcsname 
                                                  
l.169 \DeclareRobustCommand\,
                             {\tmspace+\thinmuskip{.1667em}}
? 
! Extra \endcsname.
\tmspace ->\protect amstexttmspace \endcsname 
                                              
l.169 \DeclareRobustCommand\,{\tmspace
                                      +\thinmuskip{.1667em}}
? 
! Missing number, treated as zero.
<to be read again> 
                   {
l.169 ...lareRobustCommand\,{\tmspace+\thinmuskip{
                                                  .1667em}}
? 
! Illegal unit of measure (mu inserted).
<to be read again> 
                   {
l.169 ...lareRobustCommand\,{\tmspace+\thinmuskip{
                                                  .1667em}}
? 
! Missing control sequence inserted.
<inserted text> 
                \inaccessible 
l.171 \DeclareRobustCommand\!
                             {\tmspace-\thinmuskip{.1667em}}
? 
! Extra \endcsname.
\declare@robustcommand ...e \string #1 \endcsname 
                                                  
l.171 \DeclareRobustCommand\!
                             {\tmspace-\thinmuskip{.1667em}}
? 
! Extra \endcsname.
\tmspace ->\protect amstexttmspace \endcsname 
                                              
l.171 \DeclareRobustCommand\!{\tmspace
                                      -\thinmuskip{.1667em}}
? 
! Missing number, treated as zero.
<to be read again> 
                   {
l.171 ...lareRobustCommand\!{\tmspace-\thinmuskip{
                                                  .1667em}}
? 
! Illegal unit of measure (mu inserted).
<to be read again> 
                   {
l.171 ...lareRobustCommand\!{\tmspace-\thinmuskip{
                                                  .1667em}}
? 
! Missing control sequence inserted.
<inserted text> 
                \inaccessible 
l.173 \DeclareRobustCommand\:
                             {\tmspace+\medmuskip{.2222em}}
? 
! Extra \endcsname.
\declare@robustcommand ...e \string #1 \endcsname 
                                                  
l.173 \DeclareRobustCommand\:
                             {\tmspace+\medmuskip{.2222em}}
? 
! Extra \endcsname.
\tmspace ->\protect amstexttmspace \endcsname 
                                              
l.173 \DeclareRobustCommand\:{\tmspace
                                      +\medmuskip{.2222em}}
? 
! Missing number, treated as zero.
<to be read again> 
                   {
l.173 \DeclareRobustCommand\:{\tmspace+\medmuskip{
                                                  .2222em}}
? 
! Illegal unit of measure (mu inserted).
<to be read again> 
                   {
l.173 \DeclareRobustCommand\:{\tmspace+\medmuskip{
                                                  .2222em}}
? 
! Missing control sequence inserted.
<inserted text> 
                \inaccessible 
l.175 \DeclareRobustCommand\negmedspace
                                       {\tmspace-\medmuskip{.2222em}}
? 
! Extra \endcsname.
\declare@robustcommand ...e \string #1 \endcsname 
                                                  
l.175 \DeclareRobustCommand\negmedspace
                                       {\tmspace-\medmuskip{.2222em}}
? 
! Extra \endcsname.
\tmspace ->\protect amstexttmspace \endcsname 
                                              
l.175 \DeclareRobustCommand\negmedspace{\tmspace
                                                -\medmuskip{.2222em}}
? 
! Missing number, treated as zero.
<to be read again> 
                   {
l.175 ...tCommand\negmedspace{\tmspace-\medmuskip{
                                                  .2222em}}
? 
! Illegal unit of measure (mu inserted).
<to be read again> 
                   {
l.175 ...tCommand\negmedspace{\tmspace-\medmuskip{
                                                  .2222em}}
? 
! Missing control sequence inserted.
<inserted text> 
                \inaccessible 
l.178 \DeclareRobustCommand\negthickspace
                                         {\tmspace-\thickmuskip{.2777em}}
? 
! Extra \endcsname.
\declare@robustcommand ...e \string #1 \endcsname 
                                                  
l.178 \DeclareRobustCommand\negthickspace
                                         {\tmspace-\thickmuskip{.2777em}}
? 
! Extra \endcsname.
\tmspace ->\protect amstexttmspace \endcsname 
                                              
l.178 \DeclareRobustCommand\negthickspace{\tmspace
                                                  -\thickmuskip{.2777em}}
? 
! Missing number, treated as zero.
<to be read again> 
                   {
l.178 ...mand\negthickspace{\tmspace-\thickmuskip{
                                                  .2777em}}
? 
! Illegal unit of measure (mu inserted).
<to be read again> 
                   {
l.178 ...mand\negthickspace{\tmspace-\thickmuskip{
                                                  .2777em}}
? 
! Undefined control sequence.
l.183 \@xp
          \@tempa\vert\@empty\@nil
? 
! Extra \endcsname.
<recently read> \endcsname 
                           
l.193 ...athopen}{symbols}{"6A}{largesymbols}{"0C}
                                                  
? 
! Extra \endcsname.
\GenericError ...rstchoice@ \else 6\fi \endcsname 
                                                  \protect \csname GenericEr...
l.193 ...athopen}{symbols}{"6A}{largesymbols}{"0C}
                                                  
? 
! Extra \endcsname.
\GenericError ... \csname GenericError \endcsname 
                                                  
l.193 ...athopen}{symbols}{"6A}{largesymbols}{"0C}
                                                  
? 
! Extra \endcsname.
<recently read> \endcsname 
                           
l.195 ...thclose}{symbols}{"6A}{largesymbols}{"0C}
                                                  
? 
! Extra \endcsname.
\GenericError ...rstchoice@ \else 6\fi \endcsname 
                                                  \protect \csname GenericEr...
l.195 ...thclose}{symbols}{"6A}{largesymbols}{"0C}
                                                  
? 
! Extra \endcsname.
\GenericError ... \csname GenericError \endcsname 
                                                  
l.195 ...thclose}{symbols}{"6A}{largesymbols}{"0C}
                                                  
? 
! Undefined control sequence.
l.198 \@xp
          \@tempa\Vert\@empty\@nil
? 
! Extra \endcsname.
<recently read> \endcsname 
                           
l.207 ...athopen}{symbols}{"6B}{largesymbols}{"0D}
                                                  
? 
! Extra \endcsname.
\GenericError ...rstchoice@ \else 6\fi \endcsname 
                                                  \protect \csname GenericEr...
l.207 ...athopen}{symbols}{"6B}{largesymbols}{"0D}
                                                  
? 
! Extra \endcsname.
\GenericError ... \csname GenericError \endcsname 
                                                  
l.207 ...athopen}{symbols}{"6B}{largesymbols}{"0D}
                                                  
? 
! Extra \endcsname.
<recently read> \endcsname 
                           
l.209 ...thclose}{symbols}{"6B}{largesymbols}{"0D}
                                                  
? 
! Extra \endcsname.
\GenericError ...rstchoice@ \else 6\fi \endcsname 
                                                  \protect \csname GenericEr...
l.209 ...thclose}{symbols}{"6B}{largesymbols}{"0D}
                                                  
? 
! Extra \endcsname.
\GenericError ... \csname GenericError \endcsname 
                                                  
l.209 ...thclose}{symbols}{"6B}{largesymbols}{"0D}
                                                  
? 
! Undefined control sequence.
l.212 \@saveprimitive
                     \over\@@over
? 
! Missing $ inserted.
<inserted text> 
                $
l.212 \@saveprimitive\over
                          \@@over
? 
! Extra \endcsname.
\glb@settings ...\fi \csname S@\f@size \endcsname 
                                                  \ifmath@fonts \begingroup ...
l.212 \@saveprimitive\over
                          \@@over
? 
! Extra endcsname.
glb@settings ... csname mv@math@version endcsname 
                                                  globaldefs @ne math@fonts ...
l.212 \@saveprimitive\over
                          \@@over
? 
! Undefined control sequence.
l.212 \@saveprimitive\over\@@over
                                 
? 
! Undefined control sequence.
l.213 \@saveprimitive
                     \atop\@@atop
? 
! Ambiguous; you need another { and }.
l.213 \@saveprimitive\atop
                          \@@atop
? 
! Undefined control sequence.
l.213 \@saveprimitive\atop\@@atop
                                 
? 
! Undefined control sequence.
l.214 \@saveprimitive
                     \above\@@above
? 
! Undefined control sequence.
l.214 \@saveprimitive\above\@@above
                                   
? 
! Undefined control sequence.
l.215 \@saveprimitive
                     \overwithdelims\@@overwithdelims
? 
! Missing number, treated as zero.
<to be read again> 
                   \overwithdelims 
l.215 \@saveprimitive\overwithdelims
                                    \@@overwithdelims
? 
! Illegal unit of measure (pt inserted).
<to be read again> 
                   \overwithdelims 
l.215 \@saveprimitive\overwithdelims
                                    \@@overwithdelims
? 
! Ambiguous; you need another { and }.
<to be read again> 
                   \overwithdelims 
l.215 \@saveprimitive\overwithdelims
                                    \@@overwithdelims
? 
! Undefined control sequence.
l.215 ...primitive\overwithdelims\@@overwithdelims
                                                  
? 
! Undefined control sequence.
l.216 \@saveprimitive
                     \atopwithdelims\@@atopwithdelims
? 
! Missing delimiter (. inserted).
<to be read again> 
                   \atopwithdelims 
l.216 \@saveprimitive\atopwithdelims
                                    \@@atopwithdelims
? 
! Missing delimiter (. inserted).
<to be read again> 
                   \atopwithdelims 
l.216 \@saveprimitive\atopwithdelims
                                    \@@atopwithdelims
? 
! Ambiguous; you need another { and }.
<to be read again> 
                   \atopwithdelims 
l.216 \@saveprimitive\atopwithdelims
                                    \@@atopwithdelims
? 
! Undefined control sequence.
l.216 ...primitive\atopwithdelims\@@atopwithdelims
                                                  
? 
! Undefined control sequence.
l.217 \@saveprimitive
                     \abovewithdelims\@@abovewithdelims
? 
! Missing delimiter (. inserted).
<to be read again> 
                   \abovewithdelims 
l.217 \@saveprimitive\abovewithdelims
                                     \@@abovewithdelims
? 
! Missing delimiter (. inserted).
<to be read again> 
                   \abovewithdelims 
l.217 \@saveprimitive\abovewithdelims
                                     \@@abovewithdelims
? 
! Ambiguous; you need another { and }.
<to be read again> 
                   \abovewithdelims 
l.217 \@saveprimitive\abovewithdelims
                                     \@@abovewithdelims
? 
! Undefined control sequence.
l.217 ...imitive\abovewithdelims\@@abovewithdelims
                                                  
? 
! Missing delimiter (. inserted).
<to be read again> 
                   \let 
l.218 \DeclareRobustCommand
                           {\primfrac}[1]{%
? 
! Missing delimiter (. inserted).
<to be read again> 
                   \let 
l.218 \DeclareRobustCommand
                           {\primfrac}[1]{%
? 
! Missing number, treated as zero.
<to be read again> 
                   \let 
l.218 \DeclareRobustCommand
                           {\primfrac}[1]{%
? 
! Illegal unit of measure (pt inserted).
<to be read again> 
                   \let 
l.218 \DeclareRobustCommand
                           {\primfrac}[1]{%
? 
! Ambiguous; you need another { and }.
<to be read again> 
                   \let 
l.218 \DeclareRobustCommand
                           {\primfrac}[1]{%
? 
! Missing control sequence inserted.
<inserted text> 
                \inaccessible 
l.218 \DeclareRobustCommand{\primfrac}
                                      [1]{%
? 
! Extra \endcsname.
\declare@robustcommand ...e \string #1 \endcsname 
                                                  
l.218 \DeclareRobustCommand{\primfrac}
                                      [1]{%
? 
! Extra \endcsname.
\GenericWarning ...tchoice@ \else 4\fi \endcsname 
                                                  \protect \csname GenericWa...
l.223   }
         
? 
! Extra \endcsname.
\GenericWarning ...name GenericWarning \endcsname 
                                                  
l.223   }
         
? 
! You can't use `macro parameter character #' in math mode.
<argument> Foreign command \@backslashchar ##
                                             1;\MessageBreak \protect \frac ...
l.223   }
         
? 
! Undefined control sequence.
<argument> ...t \frac \space or \protect \genfrac 
                                                  \space should be used inst...
l.223   }
         
? 
! Undefined control sequence.
l.224   \global\@xp
                   \let\csname#1\@xp\endcsname\csname @@#1\endcsname
? 
! Undefined control sequence.
l.224   \global\@xp\let\csname#1\@xp
                                    \endcsname\csname @@#1\endcsname
? 
! Extra \endcsname.
l.224   \global\@xp\let\csname#1\@xp\endcsname
                                              \csname @@#1\endcsname
? 
! You can't use `macro parameter character #' in math mode.
l.224 ...bal\@xp\let\csname#1\@xp\endcsname\csname
                                                   @@#1\endcsname
? 
! You can't use `macro parameter character #' in math mode.
l.224 ...@xp\let\csname#1\@xp\endcsname\csname @@#
                                                  1\endcsname
? 
! Extra \endcsname.
l.224 ...ame#1\@xp\endcsname\csname @@#1\endcsname
                                                  
? 
! You can't use `macro parameter character #' in math mode.
l.225   \csname
               #1\endcsname
? 
! You can't use `macro parameter character #' in math mode.
l.225   \csname#
                1\endcsname
? 
! Extra \endcsname.
l.225   \csname#1\endcsname
                           
? 
! You can't use `macro parameter character #' in math mode.
\GenericInfo ->\csname 
                       m@gobble\iffirstchoice@ \else 4\fi \endcsname \protec...
l.234 \DeclareRobustCommand{\frac}
                                  [2]{{\begingroup#1\endgroup\@@over#2}}
? 
! Extra \endcsname.
\GenericInfo ...irstchoice@ \else 4\fi \endcsname 
                                                  \protect \csname GenericIn...
l.234 \DeclareRobustCommand{\frac}
                                  [2]{{\begingroup#1\endgroup\@@over#2}}
? 
! You can't use `macro parameter character #' in math mode.
\GenericInfo ... 4\fi \endcsname \protect \csname 
                                                  GenericInfo \endcsname 
l.234 \DeclareRobustCommand{\frac}
                                  [2]{{\begingroup#1\endgroup\@@over#2}}
? 
! Extra \endcsname.
\GenericInfo ...ct \csname GenericInfo \endcsname 
                                                  
l.234 \DeclareRobustCommand{\frac}
                                  [2]{{\begingroup#1\endgroup\@@over#2}}
? 
! Illegal parameter number in definition of \frac.
<to be read again> 
                   f
l.234 \DeclareRobustCommand{\frac}
                                  [2]{{\begingroup#1\endgroup\@@over#2}}
? 
! Illegal parameter number in definition of \reserved@a.
<to be read again> 
                   }
l.234 \DeclareRobustCommand{\frac}
                                  [2]{{\begingroup#1\endgroup\@@over#2}}
? 
! Illegal parameter number in definition of \reserved@b.
<to be read again> 
                   [
l.234 \DeclareRobustCommand{\frac}
                                  [2]{{\begingroup#1\endgroup\@@over#2}}
? 
! Illegal parameter number in definition of \reserved@a.
<to be read again> 
                   [
l.234 \DeclareRobustCommand{\frac}
                                  [2]{{\begingroup#1\endgroup\@@over#2}}
? 
! Illegal parameter number in definition of \reserved@b.
<to be read again> 
                   [
l.234 \Decl